<?xml version="1.0" encoding="UTF-8"?>
<testng-results ignored="0" total="1" passed="1" failed="0" skipped="0">
  <reporter-output>
  </reporter-output>
  <suite started-at="2022-07-19T18:15:11 ICT" name="Default suite" finished-at="2022-07-19T18:15:19 ICT" duration-ms="8413">
    <groups>
    </groups>
    <test started-at="2022-07-19T18:15:11 ICT" name="Default test" finished-at="2022-07-19T18:15:19 ICT" duration-ms="8413">
      <class name="tests.PracticeFormTest">
        <test-method is-config="true" signature="openWebsite()[pri:0, instance:tests.PracticeFormTest@3d6f0054]" started-at="2022-07-19T18:15:11 ICT" name="openWebsite" finished-at="2022-07-19T18:15:17 ICT" duration-ms="5708" status="PASS">
          <reporter-output>
          </reporter-output>
        </test-method> <!-- openWebsite -->
        <test-method signature="submitDataSuccessfully()[pri:0, instance:tests.PracticeFormTest@3d6f0054]" started-at="2022-07-19T18:15:17 ICT" name="submitDataSuccessfully" finished-at="2022-07-19T18:15:19 ICT" duration-ms="2678" status="PASS">
          <reporter-output>
          </reporter-output>
        </test-method> <!-- submitDataSuccessfully -->
      </class> <!-- tests.PracticeFormTest -->
    </test> <!-- Default test -->
  </suite> <!-- Default suite -->
</testng-results>
